<?xml version="1.0" encoding="UTF-8"?>
<!-- Generated by org.testng.reporters.JUnitReportReporter -->
<testsuite hostname="AkilaBaskar" failures="0" tests="5" name="com.Adactin.Testcase.adactinmodelTest" time="25.532" errors="0" timestamp="2022-03-23T09:28:37 IST" skipped="0">
  <testcase classname="com.Adactin.Testcase.adactinmodelTest" name="login" time="5.108"/>
  <system-out/>
  <testcase classname="com.Adactin.Testcase.adactinmodelTest" name="Booking_Confirmation" time="5.335"/>
  <system-out/>
  <testcase classname="com.Adactin.Testcase.adactinmodelTest" name="Select_Hotel" time="5.029"/>
  <system-out/>
  <testcase classname="com.Adactin.Testcase.adactinmodelTest" name="Booking_Hotel" time="5.017"/>
  <system-out/>
  <testcase classname="com.Adactin.Testcase.adactinmodelTest" name="searchHotel" time="5.043"/>
  <system-out/>
</testsuite> <!-- com.Adactin.Testcase.adactinmodelTest -->
