<?xml version="1.0" encoding="UTF-8"?>
<!-- Generated by org.testng.reporters.JUnitReportReporter -->
<testsuite hostname="AkilaBaskar" failures="0" tests="1" name="E2Eadactinpractice.AppTest" time="0.015" errors="0" timestamp="2022-03-23T09:28:37 IST" skipped="0">
  <testcase classname="E2Eadactinpractice.AppTest" name="shouldAnswerWithTrue" time="0.015"/>
  <system-out/>
</testsuite> <!-- E2Eadactinpractice.AppTest -->
