<?xml version="1.0" encoding="UTF-8"?>
<!-- Generated by org.testng.reporters.JUnitReportReporter -->
<testsuite hostname="AkilaBaskar" failures="0" tests="5" name="com.Adactin.Testcase.adactinmodelTest" time="12.372" errors="0" timestamp="2022-03-20T00:35:35 IST" skipped="0">
  <testcase classname="com.Adactin.Testcase.adactinmodelTest" name="Booking_Hotel" time="1.650"/>
  <system-out/>
  <testcase classname="com.Adactin.Testcase.adactinmodelTest" name="Select_Hotel" time="0.862"/>
  <system-out/>
  <testcase classname="com.Adactin.Testcase.adactinmodelTest" name="login" time="1.860"/>
  <system-out/>
  <testcase classname="com.Adactin.Testcase.adactinmodelTest" name="Booking_Confirmation" time="5.863"/>
  <system-out/>
  <testcase classname="com.Adactin.Testcase.adactinmodelTest" name="searchHotel" time="2.137"/>
  <system-out/>
</testsuite> <!-- com.Adactin.Testcase.adactinmodelTest -->
